<?xml version="1.0" encoding="UTF-8"?>
<!-- Generated by org.testng.reporters.JUnitReportReporter -->
<testsuite hostname="MJ004519" failures="0" tests="1" name="suites.RunSuite" time="2.303" errors="0" timestamp="2023-10-03T15:40:01 BST" skipped="0">
  <testcase classname="suites.RunSuite" name="runScenario" time="2.303"/>
  <system-out/>
</testsuite> <!-- suites.RunSuite -->
